node:events:491
      throw er; // Unhandled 'error' event
      ^

Error: listen EACCES: permission denied 0.0.0.0:4444
    at Server.setupListenHandle [as _listen2] (node:net:1446:21)
    at listenInCluster (node:net:1511:12)
    at Server.listen (node:net:1599:7)
    at file:///C:/etc/newnew/backend/index.js:44:22
    at tryCatcher (C:\etc\newnew\backend\node_modules\bluebird\js\release\util.js:16:23)
    at Promise._settlePromiseFromHandler (C:\etc\newnew\backend\node_modules\bluebird\js\release\promise.js:512:31)
    at Promise._settlePromise (C:\etc\newnew\backend\node_modules\bluebird\js\release\promise.js:569:18)
    at Promise._settlePromise0 (C:\etc\newnew\backend\node_modules\bluebird\js\release\promise.js:614:10)
    at Promise._settlePromises (C:\etc\newnew\backend\node_modules\bluebird\js\release\promise.js:693:18)
    at Async._drainQueue (C:\etc\newnew\backend\node_modules\bluebird\js\release\async.js:133:16)
    at Async._drainQueues (C:\etc\newnew\backend\node_modules\bluebird\js\release\async.js:143:10)
    at Immediate.Async.drainQueues (C:\etc\newnew\backend\node_modules\bluebird\js\release\async.js:17:14)
    at processImmediate (node:internal/timers:466:21)
Emitted 'error' event on Server instance at:
    at emitErrorNT (node:net:1490:8)
    at processTicksAndRejections (node:internal/process/task_queues:83:21) {
  code: 'EACCES',
  errno: -4092,
  syscall: 'listen',
  address: '0.0.0.0',
  port: 4444
}
node:events:491
      throw er; // Unhandled 'error' event
      ^

Error: listen EACCES: permission denied 0.0.0.0:4444
    at Server.setupListenHandle [as _listen2] (node:net:1446:21)
    at listenInCluster (node:net:1511:12)
    at Server.listen (node:net:1599:7)
    at file:///C:/etc/newnew/backend/index.js:44:22
    at tryCatcher (C:\etc\newnew\backend\node_modules\bluebird\js\release\util.js:16:23)
    at Promise._settlePromiseFromHandler (C:\etc\newnew\backend\node_modules\bluebird\js\release\promise.js:512:31)
    at Promise._settlePromise (C:\etc\newnew\backend\node_modules\bluebird\js\release\promise.js:569:18)
    at Promise._settlePromise0 (C:\etc\newnew\backend\node_modules\bluebird\js\release\promise.js:614:10)
    at Promise._settlePromises (C:\etc\newnew\backend\node_modules\bluebird\js\release\promise.js:693:18)
    at Async._drainQueue (C:\etc\newnew\backend\node_modules\bluebird\js\release\async.js:133:16)
    at Async._drainQueues (C:\etc\newnew\backend\node_modules\bluebird\js\release\async.js:143:10)
    at Immediate.Async.drainQueues (C:\etc\newnew\backend\node_modules\bluebird\js\release\async.js:17:14)
    at processImmediate (node:internal/timers:466:21)
Emitted 'error' event on Server instance at:
    at emitErrorNT (node:net:1490:8)
    at processTicksAndRejections (node:internal/process/task_queues:83:21) {
  code: 'EACCES',
  errno: -4092,
  syscall: 'listen',
  address: '0.0.0.0',
  port: 4444
}
node:events:491
      throw er; // Unhandled 'error' event
      ^

Error: listen EACCES: permission denied 0.0.0.0:4444
    at Server.setupListenHandle [as _listen2] (node:net:1446:21)
    at listenInCluster (node:net:1511:12)
    at Server.listen (node:net:1599:7)
    at file:///C:/etc/newnew/backend/index.js:44:22
    at tryCatcher (C:\etc\newnew\backend\node_modules\bluebird\js\release\util.js:16:23)
    at Promise._settlePromiseFromHandler (C:\etc\newnew\backend\node_modules\bluebird\js\release\promise.js:512:31)
    at Promise._settlePromise (C:\etc\newnew\backend\node_modules\bluebird\js\release\promise.js:569:18)
    at Promise._settlePromise0 (C:\etc\newnew\backend\node_modules\bluebird\js\release\promise.js:614:10)
    at Promise._settlePromises (C:\etc\newnew\backend\node_modules\bluebird\js\release\promise.js:693:18)
    at Async._drainQueue (C:\etc\newnew\backend\node_modules\bluebird\js\release\async.js:133:16)
    at Async._drainQueues (C:\etc\newnew\backend\node_modules\bluebird\js\release\async.js:143:10)
    at Immediate.Async.drainQueues (C:\etc\newnew\backend\node_modules\bluebird\js\release\async.js:17:14)
    at processImmediate (node:internal/timers:466:21)
Emitted 'error' event on Server instance at:
    at emitErrorNT (node:net:1490:8)
    at processTicksAndRejections (node:internal/process/task_queues:83:21) {
  code: 'EACCES',
  errno: -4092,
  syscall: 'listen',
  address: '0.0.0.0',
  port: 4444
}
node:events:491
      throw er; // Unhandled 'error' event
      ^

Error: listen EACCES: permission denied 0.0.0.0:4444
    at Server.setupListenHandle [as _listen2] (node:net:1446:21)
    at listenInCluster (node:net:1511:12)
    at Server.listen (node:net:1599:7)
    at file:///C:/etc/newnew/backend/index.js:44:22
    at tryCatcher (C:\etc\newnew\backend\node_modules\bluebird\js\release\util.js:16:23)
    at Promise._settlePromiseFromHandler (C:\etc\newnew\backend\node_modules\bluebird\js\release\promise.js:512:31)
    at Promise._settlePromise (C:\etc\newnew\backend\node_modules\bluebird\js\release\promise.js:569:18)
    at Promise._settlePromise0 (C:\etc\newnew\backend\node_modules\bluebird\js\release\promise.js:614:10)
    at Promise._settlePromises (C:\etc\newnew\backend\node_modules\bluebird\js\release\promise.js:693:18)
    at Async._drainQueue (C:\etc\newnew\backend\node_modules\bluebird\js\release\async.js:133:16)
    at Async._drainQueues (C:\etc\newnew\backend\node_modules\bluebird\js\release\async.js:143:10)
    at Immediate.Async.drainQueues (C:\etc\newnew\backend\node_modules\bluebird\js\release\async.js:17:14)
    at processImmediate (node:internal/timers:466:21)
Emitted 'error' event on Server instance at:
    at emitErrorNT (node:net:1490:8)
    at processTicksAndRejections (node:internal/process/task_queues:83:21) {
  code: 'EACCES',
  errno: -4092,
  syscall: 'listen',
  address: '0.0.0.0',
  port: 4444
}
node:events:491
      throw er; // Unhandled 'error' event
      ^

Error: listen EACCES: permission denied 0.0.0.0:4444
    at Server.setupListenHandle [as _listen2] (node:net:1446:21)
    at listenInCluster (node:net:1511:12)
    at Server.listen (node:net:1599:7)
    at file:///C:/etc/newnew/backend/index.js:44:22
    at tryCatcher (C:\etc\newnew\backend\node_modules\bluebird\js\release\util.js:16:23)
    at Promise._settlePromiseFromHandler (C:\etc\newnew\backend\node_modules\bluebird\js\release\promise.js:512:31)
    at Promise._settlePromise (C:\etc\newnew\backend\node_modules\bluebird\js\release\promise.js:569:18)
    at Promise._settlePromise0 (C:\etc\newnew\backend\node_modules\bluebird\js\release\promise.js:614:10)
    at Promise._settlePromises (C:\etc\newnew\backend\node_modules\bluebird\js\release\promise.js:693:18)
    at Async._drainQueue (C:\etc\newnew\backend\node_modules\bluebird\js\release\async.js:133:16)
    at Async._drainQueues (C:\etc\newnew\backend\node_modules\bluebird\js\release\async.js:143:10)
    at Immediate.Async.drainQueues (C:\etc\newnew\backend\node_modules\bluebird\js\release\async.js:17:14)
    at processImmediate (node:internal/timers:466:21)
Emitted 'error' event on Server instance at:
    at emitErrorNT (node:net:1490:8)
    at processTicksAndRejections (node:internal/process/task_queues:83:21) {
  code: 'EACCES',
  errno: -4092,
  syscall: 'listen',
  address: '0.0.0.0',
  port: 4444
}
node:events:491
      throw er; // Unhandled 'error' event
      ^

Error: listen EACCES: permission denied 0.0.0.0:4444
    at Server.setupListenHandle [as _listen2] (node:net:1446:21)
    at listenInCluster (node:net:1511:12)
    at Server.listen (node:net:1599:7)
    at file:///C:/etc/newnew/backend/index.js:44:22
    at tryCatcher (C:\etc\newnew\backend\node_modules\bluebird\js\release\util.js:16:23)
    at Promise._settlePromiseFromHandler (C:\etc\newnew\backend\node_modules\bluebird\js\release\promise.js:512:31)
    at Promise._settlePromise (C:\etc\newnew\backend\node_modules\bluebird\js\release\promise.js:569:18)
    at Promise._settlePromise0 (C:\etc\newnew\backend\node_modules\bluebird\js\release\promise.js:614:10)
    at Promise._settlePromises (C:\etc\newnew\backend\node_modules\bluebird\js\release\promise.js:693:18)
    at Async._drainQueue (C:\etc\newnew\backend\node_modules\bluebird\js\release\async.js:133:16)
    at Async._drainQueues (C:\etc\newnew\backend\node_modules\bluebird\js\release\async.js:143:10)
    at Immediate.Async.drainQueues (C:\etc\newnew\backend\node_modules\bluebird\js\release\async.js:17:14)
    at processImmediate (node:internal/timers:466:21)
Emitted 'error' event on Server instance at:
    at emitErrorNT (node:net:1490:8)
    at processTicksAndRejections (node:internal/process/task_queues:83:21) {
  code: 'EACCES',
  errno: -4092,
  syscall: 'listen',
  address: '0.0.0.0',
  port: 4444
}
node:events:491
      throw er; // Unhandled 'error' event
      ^

Error: listen EACCES: permission denied 0.0.0.0:4444
    at Server.setupListenHandle [as _listen2] (node:net:1446:21)
    at listenInCluster (node:net:1511:12)
    at Server.listen (node:net:1599:7)
    at file:///C:/etc/newnew/backend/index.js:44:22
    at tryCatcher (C:\etc\newnew\backend\node_modules\bluebird\js\release\util.js:16:23)
    at Promise._settlePromiseFromHandler (C:\etc\newnew\backend\node_modules\bluebird\js\release\promise.js:512:31)
    at Promise._settlePromise (C:\etc\newnew\backend\node_modules\bluebird\js\release\promise.js:569:18)
    at Promise._settlePromise0 (C:\etc\newnew\backend\node_modules\bluebird\js\release\promise.js:614:10)
    at Promise._settlePromises (C:\etc\newnew\backend\node_modules\bluebird\js\release\promise.js:693:18)
    at Async._drainQueue (C:\etc\newnew\backend\node_modules\bluebird\js\release\async.js:133:16)
    at Async._drainQueues (C:\etc\newnew\backend\node_modules\bluebird\js\release\async.js:143:10)
    at Immediate.Async.drainQueues (C:\etc\newnew\backend\node_modules\bluebird\js\release\async.js:17:14)
    at processImmediate (node:internal/timers:466:21)
Emitted 'error' event on Server instance at:
    at emitErrorNT (node:net:1490:8)
    at processTicksAndRejections (node:internal/process/task_queues:83:21) {
  code: 'EACCES',
  errno: -4092,
  syscall: 'listen',
  address: '0.0.0.0',
  port: 4444
}
node:events:491
      throw er; // Unhandled 'error' event
      ^

Error: listen EACCES: permission denied 0.0.0.0:4444
    at Server.setupListenHandle [as _listen2] (node:net:1446:21)
    at listenInCluster (node:net:1511:12)
    at Server.listen (node:net:1599:7)
    at file:///C:/etc/newnew/backend/index.js:44:22
    at tryCatcher (C:\etc\newnew\backend\node_modules\bluebird\js\release\util.js:16:23)
    at Promise._settlePromiseFromHandler (C:\etc\newnew\backend\node_modules\bluebird\js\release\promise.js:512:31)
    at Promise._settlePromise (C:\etc\newnew\backend\node_modules\bluebird\js\release\promise.js:569:18)
    at Promise._settlePromise0 (C:\etc\newnew\backend\node_modules\bluebird\js\release\promise.js:614:10)
    at Promise._settlePromises (C:\etc\newnew\backend\node_modules\bluebird\js\release\promise.js:693:18)
    at Async._drainQueue (C:\etc\newnew\backend\node_modules\bluebird\js\release\async.js:133:16)
    at Async._drainQueues (C:\etc\newnew\backend\node_modules\bluebird\js\release\async.js:143:10)
    at Immediate.Async.drainQueues (C:\etc\newnew\backend\node_modules\bluebird\js\release\async.js:17:14)
    at processImmediate (node:internal/timers:466:21)
Emitted 'error' event on Server instance at:
    at emitErrorNT (node:net:1490:8)
    at processTicksAndRejections (node:internal/process/task_queues:83:21) {
  code: 'EACCES',
  errno: -4092,
  syscall: 'listen',
  address: '0.0.0.0',
  port: 4444
}
node:events:491
      throw er; // Unhandled 'error' event
      ^

Error: listen EACCES: permission denied 0.0.0.0:4444
    at Server.setupListenHandle [as _listen2] (node:net:1446:21)
    at listenInCluster (node:net:1511:12)
    at Server.listen (node:net:1599:7)
    at file:///C:/etc/newnew/backend/index.js:44:22
    at tryCatcher (C:\etc\newnew\backend\node_modules\bluebird\js\release\util.js:16:23)
    at Promise._settlePromiseFromHandler (C:\etc\newnew\backend\node_modules\bluebird\js\release\promise.js:512:31)
    at Promise._settlePromise (C:\etc\newnew\backend\node_modules\bluebird\js\release\promise.js:569:18)
    at Promise._settlePromise0 (C:\etc\newnew\backend\node_modules\bluebird\js\release\promise.js:614:10)
    at Promise._settlePromises (C:\etc\newnew\backend\node_modules\bluebird\js\release\promise.js:693:18)
    at Async._drainQueue (C:\etc\newnew\backend\node_modules\bluebird\js\release\async.js:133:16)
    at Async._drainQueues (C:\etc\newnew\backend\node_modules\bluebird\js\release\async.js:143:10)
    at Immediate.Async.drainQueues (C:\etc\newnew\backend\node_modules\bluebird\js\release\async.js:17:14)
    at processImmediate (node:internal/timers:466:21)
Emitted 'error' event on Server instance at:
    at emitErrorNT (node:net:1490:8)
    at processTicksAndRejections (node:internal/process/task_queues:83:21) {
  code: 'EACCES',
  errno: -4092,
  syscall: 'listen',
  address: '0.0.0.0',
  port: 4444
}
node:events:491
      throw er; // Unhandled 'error' event
      ^

Error: listen EACCES: permission denied 0.0.0.0:4444
    at Server.setupListenHandle [as _listen2] (node:net:1446:21)
    at listenInCluster (node:net:1511:12)
    at Server.listen (node:net:1599:7)
    at file:///C:/etc/newnew/backend/index.js:44:22
    at tryCatcher (C:\etc\newnew\backend\node_modules\bluebird\js\release\util.js:16:23)
    at Promise._settlePromiseFromHandler (C:\etc\newnew\backend\node_modules\bluebird\js\release\promise.js:512:31)
    at Promise._settlePromise (C:\etc\newnew\backend\node_modules\bluebird\js\release\promise.js:569:18)
    at Promise._settlePromise0 (C:\etc\newnew\backend\node_modules\bluebird\js\release\promise.js:614:10)
    at Promise._settlePromises (C:\etc\newnew\backend\node_modules\bluebird\js\release\promise.js:693:18)
    at Async._drainQueue (C:\etc\newnew\backend\node_modules\bluebird\js\release\async.js:133:16)
    at Async._drainQueues (C:\etc\newnew\backend\node_modules\bluebird\js\release\async.js:143:10)
    at Immediate.Async.drainQueues (C:\etc\newnew\backend\node_modules\bluebird\js\release\async.js:17:14)
    at processImmediate (node:internal/timers:466:21)
Emitted 'error' event on Server instance at:
    at emitErrorNT (node:net:1490:8)
    at processTicksAndRejections (node:internal/process/task_queues:83:21) {
  code: 'EACCES',
  errno: -4092,
  syscall: 'listen',
  address: '0.0.0.0',
  port: 4444
}
node:events:491
      throw er; // Unhandled 'error' event
      ^

Error: listen EACCES: permission denied 0.0.0.0:4444
    at Server.setupListenHandle [as _listen2] (node:net:1446:21)
    at listenInCluster (node:net:1511:12)
    at Server.listen (node:net:1599:7)
    at file:///C:/etc/newnew/backend/index.js:44:22
    at tryCatcher (C:\etc\newnew\backend\node_modules\bluebird\js\release\util.js:16:23)
    at Promise._settlePromiseFromHandler (C:\etc\newnew\backend\node_modules\bluebird\js\release\promise.js:512:31)
    at Promise._settlePromise (C:\etc\newnew\backend\node_modules\bluebird\js\release\promise.js:569:18)
    at Promise._settlePromise0 (C:\etc\newnew\backend\node_modules\bluebird\js\release\promise.js:614:10)
    at Promise._settlePromises (C:\etc\newnew\backend\node_modules\bluebird\js\release\promise.js:693:18)
    at Async._drainQueue (C:\etc\newnew\backend\node_modules\bluebird\js\release\async.js:133:16)
    at Async._drainQueues (C:\etc\newnew\backend\node_modules\bluebird\js\release\async.js:143:10)
    at Immediate.Async.drainQueues (C:\etc\newnew\backend\node_modules\bluebird\js\release\async.js:17:14)
    at processImmediate (node:internal/timers:466:21)
Emitted 'error' event on Server instance at:
    at emitErrorNT (node:net:1490:8)
    at processTicksAndRejections (node:internal/process/task_queues:83:21) {
  code: 'EACCES',
  errno: -4092,
  syscall: 'listen',
  address: '0.0.0.0',
  port: 4444
}
node:events:491
      throw er; // Unhandled 'error' event
      ^

Error: listen EACCES: permission denied 0.0.0.0:4444
    at Server.setupListenHandle [as _listen2] (node:net:1446:21)
    at listenInCluster (node:net:1511:12)
    at Server.listen (node:net:1599:7)
    at file:///C:/etc/newnew/backend/index.js:44:22
    at tryCatcher (C:\etc\newnew\backend\node_modules\bluebird\js\release\util.js:16:23)
    at Promise._settlePromiseFromHandler (C:\etc\newnew\backend\node_modules\bluebird\js\release\promise.js:512:31)
    at Promise._settlePromise (C:\etc\newnew\backend\node_modules\bluebird\js\release\promise.js:569:18)
    at Promise._settlePromise0 (C:\etc\newnew\backend\node_modules\bluebird\js\release\promise.js:614:10)
    at Promise._settlePromises (C:\etc\newnew\backend\node_modules\bluebird\js\release\promise.js:693:18)
    at Async._drainQueue (C:\etc\newnew\backend\node_modules\bluebird\js\release\async.js:133:16)
    at Async._drainQueues (C:\etc\newnew\backend\node_modules\bluebird\js\release\async.js:143:10)
    at Immediate.Async.drainQueues (C:\etc\newnew\backend\node_modules\bluebird\js\release\async.js:17:14)
    at processImmediate (node:internal/timers:466:21)
Emitted 'error' event on Server instance at:
    at emitErrorNT (node:net:1490:8)
    at processTicksAndRejections (node:internal/process/task_queues:83:21) {
  code: 'EACCES',
  errno: -4092,
  syscall: 'listen',
  address: '0.0.0.0',
  port: 4444
}
node:events:491
      throw er; // Unhandled 'error' event
      ^

Error: listen EACCES: permission denied 0.0.0.0:4444
    at Server.setupListenHandle [as _listen2] (node:net:1446:21)
    at listenInCluster (node:net:1511:12)
    at Server.listen (node:net:1599:7)
    at file:///C:/etc/newnew/backend/index.js:44:22
    at tryCatcher (C:\etc\newnew\backend\node_modules\bluebird\js\release\util.js:16:23)
    at Promise._settlePromiseFromHandler (C:\etc\newnew\backend\node_modules\bluebird\js\release\promise.js:512:31)
    at Promise._settlePromise (C:\etc\newnew\backend\node_modules\bluebird\js\release\promise.js:569:18)
    at Promise._settlePromise0 (C:\etc\newnew\backend\node_modules\bluebird\js\release\promise.js:614:10)
    at Promise._settlePromises (C:\etc\newnew\backend\node_modules\bluebird\js\release\promise.js:693:18)
    at Async._drainQueue (C:\etc\newnew\backend\node_modules\bluebird\js\release\async.js:133:16)
    at Async._drainQueues (C:\etc\newnew\backend\node_modules\bluebird\js\release\async.js:143:10)
    at Immediate.Async.drainQueues (C:\etc\newnew\backend\node_modules\bluebird\js\release\async.js:17:14)
    at processImmediate (node:internal/timers:466:21)
Emitted 'error' event on Server instance at:
    at emitErrorNT (node:net:1490:8)
    at processTicksAndRejections (node:internal/process/task_queues:83:21) {
  code: 'EACCES',
  errno: -4092,
  syscall: 'listen',
  address: '0.0.0.0',
  port: 4444
}
node:events:491
      throw er; // Unhandled 'error' event
      ^

Error: listen EACCES: permission denied 0.0.0.0:4444
    at Server.setupListenHandle [as _listen2] (node:net:1446:21)
    at listenInCluster (node:net:1511:12)
    at Server.listen (node:net:1599:7)
    at file:///C:/etc/newnew/backend/index.js:44:22
    at tryCatcher (C:\etc\newnew\backend\node_modules\bluebird\js\release\util.js:16:23)
    at Promise._settlePromiseFromHandler (C:\etc\newnew\backend\node_modules\bluebird\js\release\promise.js:512:31)
    at Promise._settlePromise (C:\etc\newnew\backend\node_modules\bluebird\js\release\promise.js:569:18)
    at Promise._settlePromise0 (C:\etc\newnew\backend\node_modules\bluebird\js\release\promise.js:614:10)
    at Promise._settlePromises (C:\etc\newnew\backend\node_modules\bluebird\js\release\promise.js:693:18)
    at Async._drainQueue (C:\etc\newnew\backend\node_modules\bluebird\js\release\async.js:133:16)
    at Async._drainQueues (C:\etc\newnew\backend\node_modules\bluebird\js\release\async.js:143:10)
    at Immediate.Async.drainQueues (C:\etc\newnew\backend\node_modules\bluebird\js\release\async.js:17:14)
    at processImmediate (node:internal/timers:466:21)
Emitted 'error' event on Server instance at:
    at emitErrorNT (node:net:1490:8)
    at processTicksAndRejections (node:internal/process/task_queues:83:21) {
  code: 'EACCES',
  errno: -4092,
  syscall: 'listen',
  address: '0.0.0.0',
  port: 4444
}
node:events:491
      throw er; // Unhandled 'error' event
      ^

Error: listen EACCES: permission denied 0.0.0.0:4444
    at Server.setupListenHandle [as _listen2] (node:net:1446:21)
    at listenInCluster (node:net:1511:12)
    at Server.listen (node:net:1599:7)
    at file:///C:/etc/newnew/backend/index.js:44:22
    at tryCatcher (C:\etc\newnew\backend\node_modules\bluebird\js\release\util.js:16:23)
    at Promise._settlePromiseFromHandler (C:\etc\newnew\backend\node_modules\bluebird\js\release\promise.js:512:31)
    at Promise._settlePromise (C:\etc\newnew\backend\node_modules\bluebird\js\release\promise.js:569:18)
    at Promise._settlePromise0 (C:\etc\newnew\backend\node_modules\bluebird\js\release\promise.js:614:10)
    at Promise._settlePromises (C:\etc\newnew\backend\node_modules\bluebird\js\release\promise.js:693:18)
    at Async._drainQueue (C:\etc\newnew\backend\node_modules\bluebird\js\release\async.js:133:16)
    at Async._drainQueues (C:\etc\newnew\backend\node_modules\bluebird\js\release\async.js:143:10)
    at Immediate.Async.drainQueues (C:\etc\newnew\backend\node_modules\bluebird\js\release\async.js:17:14)
    at processImmediate (node:internal/timers:466:21)
Emitted 'error' event on Server instance at:
    at emitErrorNT (node:net:1490:8)
    at processTicksAndRejections (node:internal/process/task_queues:83:21) {
  code: 'EACCES',
  errno: -4092,
  syscall: 'listen',
  address: '0.0.0.0',
  port: 4444
}
node:events:491
      throw er; // Unhandled 'error' event
      ^

Error: listen EACCES: permission denied 0.0.0.0:4444
    at Server.setupListenHandle [as _listen2] (node:net:1446:21)
    at listenInCluster (node:net:1511:12)
    at Server.listen (node:net:1599:7)
    at file:///C:/etc/newnew/backend/index.js:44:22
    at tryCatcher (C:\etc\newnew\backend\node_modules\bluebird\js\release\util.js:16:23)
    at Promise._settlePromiseFromHandler (C:\etc\newnew\backend\node_modules\bluebird\js\release\promise.js:512:31)
    at Promise._settlePromise (C:\etc\newnew\backend\node_modules\bluebird\js\release\promise.js:569:18)
    at Promise._settlePromise0 (C:\etc\newnew\backend\node_modules\bluebird\js\release\promise.js:614:10)
    at Promise._settlePromises (C:\etc\newnew\backend\node_modules\bluebird\js\release\promise.js:693:18)
    at Async._drainQueue (C:\etc\newnew\backend\node_modules\bluebird\js\release\async.js:133:16)
    at Async._drainQueues (C:\etc\newnew\backend\node_modules\bluebird\js\release\async.js:143:10)
    at Immediate.Async.drainQueues (C:\etc\newnew\backend\node_modules\bluebird\js\release\async.js:17:14)
    at processImmediate (node:internal/timers:466:21)
Emitted 'error' event on Server instance at:
    at emitErrorNT (node:net:1490:8)
    at processTicksAndRejections (node:internal/process/task_queues:83:21) {
  code: 'EACCES',
  errno: -4092,
  syscall: 'listen',
  address: '0.0.0.0',
  port: 4444
}
node:events:491
      throw er; // Unhandled 'error' event
      ^

Error: listen EACCES: permission denied 0.0.0.0:4444
    at Server.setupListenHandle [as _listen2] (node:net:1446:21)
    at listenInCluster (node:net:1511:12)
    at Server.listen (node:net:1599:7)
    at file:///C:/etc/newnew/backend/index.js:44:22
    at tryCatcher (C:\etc\newnew\backend\node_modules\bluebird\js\release\util.js:16:23)
    at Promise._settlePromiseFromHandler (C:\etc\newnew\backend\node_modules\bluebird\js\release\promise.js:512:31)
    at Promise._settlePromise (C:\etc\newnew\backend\node_modules\bluebird\js\release\promise.js:569:18)
    at Promise._settlePromise0 (C:\etc\newnew\backend\node_modules\bluebird\js\release\promise.js:614:10)
    at Promise._settlePromises (C:\etc\newnew\backend\node_modules\bluebird\js\release\promise.js:693:18)
    at Async._drainQueue (C:\etc\newnew\backend\node_modules\bluebird\js\release\async.js:133:16)
    at Async._drainQueues (C:\etc\newnew\backend\node_modules\bluebird\js\release\async.js:143:10)
    at Immediate.Async.drainQueues (C:\etc\newnew\backend\node_modules\bluebird\js\release\async.js:17:14)
    at processImmediate (node:internal/timers:466:21)
Emitted 'error' event on Server instance at:
    at emitErrorNT (node:net:1490:8)
    at processTicksAndRejections (node:internal/process/task_queues:83:21) {
  code: 'EACCES',
  errno: -4092,
  syscall: 'listen',
  address: '0.0.0.0',
  port: 4444
}
node:events:491
      throw er; // Unhandled 'error' event
      ^

Error: listen EACCES: permission denied 0.0.0.0:4444
    at Server.setupListenHandle [as _listen2] (node:net:1446:21)
    at listenInCluster (node:net:1511:12)
    at Server.listen (node:net:1599:7)
    at file:///C:/etc/newnew/backend/index.js:44:22
    at tryCatcher (C:\etc\newnew\backend\node_modules\bluebird\js\release\util.js:16:23)
    at Promise._settlePromiseFromHandler (C:\etc\newnew\backend\node_modules\bluebird\js\release\promise.js:512:31)
    at Promise._settlePromise (C:\etc\newnew\backend\node_modules\bluebird\js\release\promise.js:569:18)
    at Promise._settlePromise0 (C:\etc\newnew\backend\node_modules\bluebird\js\release\promise.js:614:10)
    at Promise._settlePromises (C:\etc\newnew\backend\node_modules\bluebird\js\release\promise.js:693:18)
    at Async._drainQueue (C:\etc\newnew\backend\node_modules\bluebird\js\release\async.js:133:16)
    at Async._drainQueues (C:\etc\newnew\backend\node_modules\bluebird\js\release\async.js:143:10)
    at Immediate.Async.drainQueues (C:\etc\newnew\backend\node_modules\bluebird\js\release\async.js:17:14)
    at processImmediate (node:internal/timers:466:21)
Emitted 'error' event on Server instance at:
    at emitErrorNT (node:net:1490:8)
    at processTicksAndRejections (node:internal/process/task_queues:83:21) {
  code: 'EACCES',
  errno: -4092,
  syscall: 'listen',
  address: '0.0.0.0',
  port: 4444
}
